<?xml version="1.0" encoding="UTF-8"?>
<testng-results ignored="0" total="2" passed="2" failed="0" skipped="0">
  <reporter-output>
  </reporter-output>
  <suite started-at="2025-08-25T21:43:04 IST" name="Default suite" finished-at="2025-08-25T21:43:06 IST" duration-ms="2704">
    <groups>
    </groups>
    <test started-at="2025-08-25T21:43:04 IST" name="Default test" finished-at="2025-08-25T21:43:06 IST" duration-ms="2704">
      <class name="files.SpecBuilderTest">
        <test-method signature="testing(double,double,java.lang.String,int)[pri:0, instance:files.SpecBuilderTest@738dc9b]" started-at="2025-08-25T21:43:04 IST" name="testing" data-provider="BooksData" finished-at="2025-08-25T21:43:06 IST" duration-ms="2571" status="PASS">
          <params>
            <param index="0">
              <value>
                <![CDATA[-38.383494]]>
              </value>
            </param>
            <param index="1">
              <value>
                <![CDATA[33.427362]]>
              </value>
            </param>
            <param index="2">
              <value>
                <![CDATA[Frontline house1]]>
              </value>
            </param>
            <param index="3">
              <value>
                <![CDATA[38]]>
              </value>
            </param>
          </params>
          <reporter-output>
          </reporter-output>
        </test-method> <!-- testing -->
        <test-method signature="testing(double,double,java.lang.String,int)[pri:0, instance:files.SpecBuilderTest@738dc9b]" started-at="2025-08-25T21:43:06 IST" name="testing" data-provider="BooksData" finished-at="2025-08-25T21:43:06 IST" duration-ms="82" status="PASS">
          <params>
            <param index="0">
              <value>
                <![CDATA[-50.383494]]>
              </value>
            </param>
            <param index="1">
              <value>
                <![CDATA[55.427362]]>
              </value>
            </param>
            <param index="2">
              <value>
                <![CDATA[Frontline house2]]>
              </value>
            </param>
            <param index="3">
              <value>
                <![CDATA[50]]>
              </value>
            </param>
          </params>
          <reporter-output>
          </reporter-output>
        </test-method> <!-- testing -->
      </class> <!-- files.SpecBuilderTest -->
    </test> <!-- Default test -->
  </suite> <!-- Default suite -->
</testng-results>
